<?xml version="1.0" encoding="UTF-8"?>
<!-- Generated by org.testng.reporters.JUnitReportReporter -->
<testsuite name="com.saucelabs.example.TestSetup" tests="2" time="138.909" ignored="0" failures="0" timestamp="14 Oct 2020 18:35:40 GMT" skipped="0" hostname="SL-1167" errors="0">
  <testcase name="testNetworkSpeed" time="62.077" classname="com.saucelabs.example.TestSetup"/>
  <testcase name="testNetworkSpeed" time="76.832" classname="com.saucelabs.example.TestSetup"/>
</testsuite> <!-- com.saucelabs.example.TestSetup -->
